<?xml version="1.0" encoding="UTF-8"?>
<!-- Generated by org.testng.reporters.JUnitReportReporter -->
<testsuite hostname="DESKTOP-VF6R5DT" failures="0" tests="1" name="NewClass" time="0.419" errors="0" timestamp="2025-04-22T18:08:37 EET" skipped="0">
  <testcase classname="NewClass" name="Login" time="0.419"/>
</testsuite> <!-- NewClass -->
